[debug] [2026-04-24T17:38:04.593Z] ----------------------------------------------------------------------
[debug] [2026-04-24T17:38:04.595Z] Command:       C:\Program Files\nodejs\node.exe C:\Users\Lenovo\AppData\Roaming\npm\node_modules\firebase-tools\lib\bin\firebase.js init hosting:github
[debug] [2026-04-24T17:38:04.596Z] CLI Version:   15.15.0
[debug] [2026-04-24T17:38:04.596Z] Platform:      win32
[debug] [2026-04-24T17:38:04.596Z] Node Version:  v22.20.0
[debug] [2026-04-24T17:38:04.596Z] Time:          Sat Apr 25 2026 00:38:04 GMT+0700 (Western Indonesia Time)
[debug] [2026-04-24T17:38:04.596Z] ----------------------------------------------------------------------
[debug] 
[info] 
     ######## #### ########  ######## ########     ###     ######  ########
     ##        ##  ##     ## ##       ##     ##  ##   ##  ##       ##
     ######    ##  ########  ######   ########  #########  ######  ######
     ##        ##  ##    ##  ##       ##     ## ##     ##       ## ##
     ##       #### ##     ## ######## ########  ##     ##  ######  ########

You're about to initialize a Firebase project in this directory:

  C:\Projects\Solaris Exostellar

Before we get started, keep in mind:

  * You are currently outside your home directory
  * You are initializing within an existing Firebase project directory

[info] 
=== Project Setup
[info] 
[info] First, let's associate this project directory with a Firebase project.
[info] You can create multiple project aliases by running firebase use --add, 
[info] 
[debug] [2026-04-24T17:38:17.052Z] > command requires scopes: ["email","openid","https://www.googleapis.com/auth/cloudplatformprojects.readonly","https://www.googleapis.com/auth/firebase","https://www.googleapis.com/auth/cloud-platform"]
[debug] [2026-04-24T17:38:17.052Z] > authorizing via signed-in user (alvitoaryo@gmail.com)
[debug] [2026-04-24T17:38:17.053Z] Checked if tokens are valid: true, expires at: 1777054603274
[debug] [2026-04-24T17:38:17.054Z] Checked if tokens are valid: true, expires at: 1777054603274
[debug] [2026-04-24T17:38:17.055Z] >>> [apiv2][query] GET https://firebase.googleapis.com/v1beta1/projects/solaris-exostellar [none]
[debug] [2026-04-24T17:38:18.549Z] <<< [apiv2][status] GET https://firebase.googleapis.com/v1beta1/projects/solaris-exostellar 200
[debug] [2026-04-24T17:38:18.549Z] <<< [apiv2][body] GET https://firebase.googleapis.com/v1beta1/projects/solaris-exostellar {"projectId":"solaris-exostellar","projectNumber":"709020423918","displayName":"solaris-exostellar","name":"projects/solaris-exostellar","resources":{"hostingSite":"solaris-exostellar"},"state":"ACTIVE","etag":"1_f83187f4-02e6-4441-9316-04162f7f0b0c"}
[info] i  Using project solaris-exostellar (solaris-exostellar) . 
[info] 
=== Hosting:github Setup
[info] 
[info] i  Didn't detect a .git folder. Assuming C:\Projects\Solaris Exostellar is the project root. 
[info] i  Authorizing with GitHub to upload your service account to a GitHub repository's secrets store. 
[info] 
[info] Visit this URL on this device to log in:
[info] https://github.com/login/oauth/authorize?client_id=89cf50f02ac6aaed3484&state=432796814&redirect_uri=http%3A%2F%2Flocalhost%3A9005&scope=read%3Auser%20repo%20public_repo
[info] 
[info] Waiting for authentication...
[debug] [2026-04-24T17:38:23.069Z] >>> [apiv2][query] POST https://github.com/login/oauth/access_token [none]
[debug] [2026-04-24T17:38:23.069Z] >>> [apiv2][body] POST https://github.com/login/oauth/access_token [stream]
[debug] [2026-04-24T17:38:23.532Z] <<< [apiv2][status] POST https://github.com/login/oauth/access_token 200
[debug] [2026-04-24T17:38:23.533Z] <<< [apiv2][body] POST https://github.com/login/oauth/access_token {"access_token":"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","token_type":"bearer","scope":"read:user,repo"}
[debug] [2026-04-24T17:38:23.536Z] >>> [apiv2][query] GET https://api.github.com/user [none]
[debug] [2026-04-24T17:38:24.011Z] <<< [apiv2][status] GET https://api.github.com/user 200
[debug] [2026-04-24T17:38:24.011Z] <<< [apiv2][body] GET https://api.github.com/user {"login":"Chrsyls","id":153847144,"node_id":"U_kgDOCSuFaA","avatar_url":"https://avatars.githubusercontent.com/u/153847144?v=4","gravatar_id":"","url":"https://api.github.com/users/Chrsyls","html_url":"https://github.com/Chrsyls","followers_url":"https://api.github.com/users/Chrsyls/followers","following_url":"https://api.github.com/users/Chrsyls/following{/other_user}","gists_url":"https://api.github.com/users/Chrsyls/gists{/gist_id}","starred_url":"https://api.github.com/users/Chrsyls/starred{/owner}{/repo}","subscriptions_url":"https://api.github.com/users/Chrsyls/subscriptions","organizations_url":"https://api.github.com/users/Chrsyls/orgs","repos_url":"https://api.github.com/users/Chrsyls/repos","events_url":"https://api.github.com/users/Chrsyls/events{/privacy}","received_events_url":"https://api.github.com/users/Chrsyls/received_events","type":"User","user_view_type":"private","site_admin":false,"name":"Alvito Aryo Putra","company":null,"blog":"","location":null,"email":null,"hireable":null,"bio":null,"twitter_username":null,"notification_email":null,"public_repos":8,"public_gists":0,"followers":1,"following":1,"created_at":"2023-12-14T16:07:05Z","updated_at":"2026-04-24T17:35:38Z","private_gists":0,"total_private_repos":0,"owned_private_repos":0,"disk_usage":9863,"collaborators":0,"two_factor_authentication":true,"plan":{"name":"free","space":976562499,"collaborators":0,"private_repos":10000}}
[info] 
[info] +  Success! Logged into GitHub as Chrsyls 
[info] 
